Build started 2015-05-12 17:43:28.
     1>Project "C:\Users\qzmp\SkyDrive\SI\Chess\Chess\Chess.vcxproj" on node 2 (Build target(s)).
     1>ClCompile:
         E:\Microsoft Visual Studio 12.0\VC\bin\CL.exe /c /ZI /nologo /W3 /WX- /sdl /Od /Oy- /D _MBCS /Gm /EHsc /RTC1 /MDd /GS /fp:precise /Zc:wchar_t /Zc:forScope /Fo"Debug\\" /Fd"Debug\vc120.pdb" /Gd /TP /analyze- /errorReport:prompt Bishop.cpp Game.cpp GameStatus.cpp King.cpp Knight.cpp Movement.cpp Pawn.cpp Piece.cpp Queen.cpp Rating.cpp Rook.cpp
         Rook.cpp
     1>c:\users\qzmp\skydrive\si\chess\chess\king.h(9): error C2504: 'Piece' : base class undefined
     1>c:\users\qzmp\skydrive\si\chess\chess\king.h(14): error C2143: syntax error : missing ';' before '<'
     1>c:\users\qzmp\skydrive\si\chess\chess\king.h(14): error C4430: missing type specifier - int assumed. Note: C++ does not support default-int
     1>c:\users\qzmp\skydrive\si\chess\chess\king.h(14): error C2238: unexpected token(s) preceding ';'
     1>c:\users\qzmp\skydrive\si\chess\chess\queen.h(9): error C2504: 'Piece' : base class undefined
     1>c:\users\qzmp\skydrive\si\chess\chess\queen.h(14): error C2143: syntax error : missing ';' before '<'
     1>c:\users\qzmp\skydrive\si\chess\chess\queen.h(14): error C4430: missing type specifier - int assumed. Note: C++ does not support default-int
     1>c:\users\qzmp\skydrive\si\chess\chess\queen.h(14): error C2238: unexpected token(s) preceding ';'
     1>c:\users\qzmp\skydrive\si\chess\chess\bishop.h(9): error C2504: 'Piece' : base class undefined
     1>c:\users\qzmp\skydrive\si\chess\chess\bishop.h(14): error C2143: syntax error : missing ';' before '<'
     1>c:\users\qzmp\skydrive\si\chess\chess\bishop.h(14): error C4430: missing type specifier - int assumed. Note: C++ does not support default-int
     1>c:\users\qzmp\skydrive\si\chess\chess\bishop.h(14): error C2238: unexpected token(s) preceding ';'
     1>c:\users\qzmp\skydrive\si\chess\chess\knight.h(9): error C2504: 'Piece' : base class undefined
     1>c:\users\qzmp\skydrive\si\chess\chess\knight.h(14): error C2143: syntax error : missing ';' before '<'
     1>c:\users\qzmp\skydrive\si\chess\chess\knight.h(14): error C4430: missing type specifier - int assumed. Note: C++ does not support default-int
     1>c:\users\qzmp\skydrive\si\chess\chess\knight.h(14): error C2238: unexpected token(s) preceding ';'
     1>c:\users\qzmp\skydrive\si\chess\chess\pawn.h(9): error C2504: 'Piece' : base class undefined
     1>c:\users\qzmp\skydrive\si\chess\chess\pawn.h(14): error C2143: syntax error : missing ';' before '<'
     1>c:\users\qzmp\skydrive\si\chess\chess\pawn.h(14): error C4430: missing type specifier - int assumed. Note: C++ does not support default-int
     1>c:\users\qzmp\skydrive\si\chess\chess\pawn.h(14): error C2238: unexpected token(s) preceding ';'
         Queen.cpp
     1>c:\users\qzmp\skydrive\si\chess\chess\king.h(9): error C2504: 'Piece' : base class undefined
     1>c:\users\qzmp\skydrive\si\chess\chess\king.h(14): error C2143: syntax error : missing ';' before '<'
     1>c:\users\qzmp\skydrive\si\chess\chess\king.h(14): error C4430: missing type specifier - int assumed. Note: C++ does not support default-int
     1>c:\users\qzmp\skydrive\si\chess\chess\king.h(14): error C2238: unexpected token(s) preceding ';'
     1>c:\users\qzmp\skydrive\si\chess\chess\rook.h(9): error C2504: 'Piece' : base class undefined
     1>c:\users\qzmp\skydrive\si\chess\chess\rook.h(14): error C2143: syntax error : missing ';' before '<'
     1>c:\users\qzmp\skydrive\si\chess\chess\rook.h(14): error C4430: missing type specifier - int assumed. Note: C++ does not support default-int
     1>c:\users\qzmp\skydrive\si\chess\chess\rook.h(14): error C2238: unexpected token(s) preceding ';'
     1>c:\users\qzmp\skydrive\si\chess\chess\bishop.h(9): error C2504: 'Piece' : base class undefined
     1>c:\users\qzmp\skydrive\si\chess\chess\bishop.h(14): error C2143: syntax error : missing ';' before '<'
     1>c:\users\qzmp\skydrive\si\chess\chess\bishop.h(14): error C4430: missing type specifier - int assumed. Note: C++ does not support default-int
     1>c:\users\qzmp\skydrive\si\chess\chess\bishop.h(14): error C2238: unexpected token(s) preceding ';'
     1>c:\users\qzmp\skydrive\si\chess\chess\knight.h(9): error C2504: 'Piece' : base class undefined
     1>c:\users\qzmp\skydrive\si\chess\chess\knight.h(14): error C2143: syntax error : missing ';' before '<'
     1>c:\users\qzmp\skydrive\si\chess\chess\knight.h(14): error C4430: missing type specifier - int assumed. Note: C++ does not support default-int
     1>c:\users\qzmp\skydrive\si\chess\chess\knight.h(14): error C2238: unexpected token(s) preceding ';'
     1>c:\users\qzmp\skydrive\si\chess\chess\pawn.h(9): error C2504: 'Piece' : base class undefined
     1>c:\users\qzmp\skydrive\si\chess\chess\pawn.h(14): error C2143: syntax error : missing ';' before '<'
     1>c:\users\qzmp\skydrive\si\chess\chess\pawn.h(14): error C4430: missing type specifier - int assumed. Note: C++ does not support default-int
     1>c:\users\qzmp\skydrive\si\chess\chess\pawn.h(14): error C2238: unexpected token(s) preceding ';'
         Piece.cpp
     1>c:\users\qzmp\skydrive\si\chess\chess\king.h(9): error C2504: 'Piece' : base class undefined
     1>c:\users\qzmp\skydrive\si\chess\chess\king.h(14): error C2143: syntax error : missing ';' before '<'
     1>c:\users\qzmp\skydrive\si\chess\chess\king.h(14): error C4430: missing type specifier - int assumed. Note: C++ does not support default-int
     1>c:\users\qzmp\skydrive\si\chess\chess\king.h(14): error C2238: unexpected token(s) preceding ';'
     1>c:\users\qzmp\skydrive\si\chess\chess\queen.h(9): error C2504: 'Piece' : base class undefined
     1>c:\users\qzmp\skydrive\si\chess\chess\queen.h(14): error C2143: syntax error : missing ';' before '<'
     1>c:\users\qzmp\skydrive\si\chess\chess\queen.h(14): error C4430: missing type specifier - int assumed. Note: C++ does not support default-int
     1>c:\users\qzmp\skydrive\si\chess\chess\queen.h(14): error C2238: unexpected token(s) preceding ';'
     1>c:\users\qzmp\skydrive\si\chess\chess\rook.h(9): error C2504: 'Piece' : base class undefined
     1>c:\users\qzmp\skydrive\si\chess\chess\rook.h(14): error C2143: syntax error : missing ';' before '<'
     1>c:\users\qzmp\skydrive\si\chess\chess\rook.h(14): error C4430: missing type specifier - int assumed. Note: C++ does not support default-int
     1>c:\users\qzmp\skydrive\si\chess\chess\rook.h(14): error C2238: unexpected token(s) preceding ';'
     1>c:\users\qzmp\skydrive\si\chess\chess\bishop.h(9): error C2504: 'Piece' : base class undefined
     1>c:\users\qzmp\skydrive\si\chess\chess\bishop.h(14): error C2143: syntax error : missing ';' before '<'
     1>c:\users\qzmp\skydrive\si\chess\chess\bishop.h(14): error C4430: missing type specifier - int assumed. Note: C++ does not support default-int
     1>c:\users\qzmp\skydrive\si\chess\chess\bishop.h(14): error C2238: unexpected token(s) preceding ';'
     1>c:\users\qzmp\skydrive\si\chess\chess\knight.h(9): error C2504: 'Piece' : base class undefined
     1>c:\users\qzmp\skydrive\si\chess\chess\knight.h(14): error C2143: syntax error : missing ';' before '<'
     1>c:\users\qzmp\skydrive\si\chess\chess\knight.h(14): error C4430: missing type specifier - int assumed. Note: C++ does not support default-int
     1>c:\users\qzmp\skydrive\si\chess\chess\knight.h(14): error C2238: unexpected token(s) preceding ';'
     1>c:\users\qzmp\skydrive\si\chess\chess\pawn.h(9): error C2504: 'Piece' : base class undefined
     1>c:\users\qzmp\skydrive\si\chess\chess\pawn.h(14): error C2143: syntax error : missing ';' before '<'
     1>c:\users\qzmp\skydrive\si\chess\chess\pawn.h(14): error C4430: missing type specifier - int assumed. Note: C++ does not support default-int
     1>c:\users\qzmp\skydrive\si\chess\chess\pawn.h(14): error C2238: unexpected token(s) preceding ';'
         Pawn.cpp
     1>c:\users\qzmp\skydrive\si\chess\chess\king.h(9): error C2504: 'Piece' : base class undefined
     1>c:\users\qzmp\skydrive\si\chess\chess\king.h(14): error C2143: syntax error : missing ';' before '<'
     1>c:\users\qzmp\skydrive\si\chess\chess\king.h(14): error C4430: missing type specifier - int assumed. Note: C++ does not support default-int
     1>c:\users\qzmp\skydrive\si\chess\chess\king.h(14): error C2238: unexpected token(s) preceding ';'
     1>c:\users\qzmp\skydrive\si\chess\chess\queen.h(9): error C2504: 'Piece' : base class undefined
     1>c:\users\qzmp\skydrive\si\chess\chess\queen.h(14): error C2143: syntax error : missing ';' before '<'
     1>c:\users\qzmp\skydrive\si\chess\chess\queen.h(14): error C4430: missing type specifier - int assumed. Note: C++ does not support default-int
     1>c:\users\qzmp\skydrive\si\chess\chess\queen.h(14): error C2238: unexpected token(s) preceding ';'
     1>c:\users\qzmp\skydrive\si\chess\chess\rook.h(9): error C2504: 'Piece' : base class undefined
     1>c:\users\qzmp\skydrive\si\chess\chess\rook.h(14): error C2143: syntax error : missing ';' before '<'
     1>c:\users\qzmp\skydrive\si\chess\chess\rook.h(14): error C4430: missing type specifier - int assumed. Note: C++ does not support default-int
     1>c:\users\qzmp\skydrive\si\chess\chess\rook.h(14): error C2238: unexpected token(s) preceding ';'
     1>c:\users\qzmp\skydrive\si\chess\chess\bishop.h(9): error C2504: 'Piece' : base class undefined
     1>c:\users\qzmp\skydrive\si\chess\chess\bishop.h(14): error C2143: syntax error : missing ';' before '<'
     1>c:\users\qzmp\skydrive\si\chess\chess\bishop.h(14): error C4430: missing type specifier - int assumed. Note: C++ does not support default-int
     1>c:\users\qzmp\skydrive\si\chess\chess\bishop.h(14): error C2238: unexpected token(s) preceding ';'
     1>c:\users\qzmp\skydrive\si\chess\chess\knight.h(9): error C2504: 'Piece' : base class undefined
     1>c:\users\qzmp\skydrive\si\chess\chess\knight.h(14): error C2143: syntax error : missing ';' before '<'
     1>c:\users\qzmp\skydrive\si\chess\chess\knight.h(14): error C4430: missing type specifier - int assumed. Note: C++ does not support default-int
     1>c:\users\qzmp\skydrive\si\chess\chess\knight.h(14): error C2238: unexpected token(s) preceding ';'
         Knight.cpp
     1>c:\users\qzmp\skydrive\si\chess\chess\king.h(9): error C2504: 'Piece' : base class undefined
     1>c:\users\qzmp\skydrive\si\chess\chess\king.h(14): error C2143: syntax error : missing ';' before '<'
     1>c:\users\qzmp\skydrive\si\chess\chess\king.h(14): error C4430: missing type specifier - int assumed. Note: C++ does not support default-int
     1>c:\users\qzmp\skydrive\si\chess\chess\king.h(14): error C2238: unexpected token(s) preceding ';'
     1>c:\users\qzmp\skydrive\si\chess\chess\queen.h(9): error C2504: 'Piece' : base class undefined
     1>c:\users\qzmp\skydrive\si\chess\chess\queen.h(14): error C2143: syntax error : missing ';' before '<'
     1>c:\users\qzmp\skydrive\si\chess\chess\queen.h(14): error C4430: missing type specifier - int assumed. Note: C++ does not support default-int
     1>c:\users\qzmp\skydrive\si\chess\chess\queen.h(14): error C2238: unexpected token(s) preceding ';'
     1>c:\users\qzmp\skydrive\si\chess\chess\rook.h(9): error C2504: 'Piece' : base class undefined
     1>c:\users\qzmp\skydrive\si\chess\chess\rook.h(14): error C2143: syntax error : missing ';' before '<'
     1>c:\users\qzmp\skydrive\si\chess\chess\rook.h(14): error C4430: missing type specifier - int assumed. Note: C++ does not support default-int
     1>c:\users\qzmp\skydrive\si\chess\chess\rook.h(14): error C2238: unexpected token(s) preceding ';'
     1>c:\users\qzmp\skydrive\si\chess\chess\bishop.h(9): error C2504: 'Piece' : base class undefined
     1>c:\users\qzmp\skydrive\si\chess\chess\bishop.h(14): error C2143: syntax error : missing ';' before '<'
     1>c:\users\qzmp\skydrive\si\chess\chess\bishop.h(14): error C4430: missing type specifier - int assumed. Note: C++ does not support default-int
     1>c:\users\qzmp\skydrive\si\chess\chess\bishop.h(14): error C2238: unexpected token(s) preceding ';'
     1>c:\users\qzmp\skydrive\si\chess\chess\pawn.h(9): error C2504: 'Piece' : base class undefined
     1>c:\users\qzmp\skydrive\si\chess\chess\pawn.h(14): error C2143: syntax error : missing ';' before '<'
     1>c:\users\qzmp\skydrive\si\chess\chess\pawn.h(14): error C4430: missing type specifier - int assumed. Note: C++ does not support default-int
     1>c:\users\qzmp\skydrive\si\chess\chess\pawn.h(14): error C2238: unexpected token(s) preceding ';'
         King.cpp
     1>c:\users\qzmp\skydrive\si\chess\chess\queen.h(9): error C2504: 'Piece' : base class undefined
     1>c:\users\qzmp\skydrive\si\chess\chess\queen.h(14): error C2143: syntax error : missing ';' before '<'
     1>c:\users\qzmp\skydrive\si\chess\chess\queen.h(14): error C4430: missing type specifier - int assumed. Note: C++ does not support default-int
     1>c:\users\qzmp\skydrive\si\chess\chess\queen.h(14): error C2238: unexpected token(s) preceding ';'
     1>c:\users\qzmp\skydrive\si\chess\chess\rook.h(9): error C2504: 'Piece' : base class undefined
     1>c:\users\qzmp\skydrive\si\chess\chess\rook.h(14): error C2143: syntax error : missing ';' before '<'
     1>c:\users\qzmp\skydrive\si\chess\chess\rook.h(14): error C4430: missing type specifier - int assumed. Note: C++ does not support default-int
     1>c:\users\qzmp\skydrive\si\chess\chess\rook.h(14): error C2238: unexpected token(s) preceding ';'
     1>c:\users\qzmp\skydrive\si\chess\chess\bishop.h(9): error C2504: 'Piece' : base class undefined
     1>c:\users\qzmp\skydrive\si\chess\chess\bishop.h(14): error C2143: syntax error : missing ';' before '<'
     1>c:\users\qzmp\skydrive\si\chess\chess\bishop.h(14): error C4430: missing type specifier - int assumed. Note: C++ does not support default-int
     1>c:\users\qzmp\skydrive\si\chess\chess\bishop.h(14): error C2238: unexpected token(s) preceding ';'
     1>c:\users\qzmp\skydrive\si\chess\chess\knight.h(9): error C2504: 'Piece' : base class undefined
     1>c:\users\qzmp\skydrive\si\chess\chess\knight.h(14): error C2143: syntax error : missing ';' before '<'
     1>c:\users\qzmp\skydrive\si\chess\chess\knight.h(14): error C4430: missing type specifier - int assumed. Note: C++ does not support default-int
     1>c:\users\qzmp\skydrive\si\chess\chess\knight.h(14): error C2238: unexpected token(s) preceding ';'
     1>c:\users\qzmp\skydrive\si\chess\chess\pawn.h(9): error C2504: 'Piece' : base class undefined
     1>c:\users\qzmp\skydrive\si\chess\chess\pawn.h(14): error C2143: syntax error : missing ';' before '<'
     1>c:\users\qzmp\skydrive\si\chess\chess\pawn.h(14): error C4430: missing type specifier - int assumed. Note: C++ does not support default-int
     1>c:\users\qzmp\skydrive\si\chess\chess\pawn.h(14): error C2238: unexpected token(s) preceding ';'
         Bishop.cpp
     1>c:\users\qzmp\skydrive\si\chess\chess\king.h(9): error C2504: 'Piece' : base class undefined
     1>c:\users\qzmp\skydrive\si\chess\chess\king.h(14): error C2143: syntax error : missing ';' before '<'
     1>c:\users\qzmp\skydrive\si\chess\chess\king.h(14): error C4430: missing type specifier - int assumed. Note: C++ does not support default-int
     1>c:\users\qzmp\skydrive\si\chess\chess\king.h(14): error C2238: unexpected token(s) preceding ';'
     1>c:\users\qzmp\skydrive\si\chess\chess\queen.h(9): error C2504: 'Piece' : base class undefined
     1>c:\users\qzmp\skydrive\si\chess\chess\queen.h(14): error C2143: syntax error : missing ';' before '<'
     1>c:\users\qzmp\skydrive\si\chess\chess\queen.h(14): error C4430: missing type specifier - int assumed. Note: C++ does not support default-int
     1>c:\users\qzmp\skydrive\si\chess\chess\queen.h(14): error C2238: unexpected token(s) preceding ';'
     1>c:\users\qzmp\skydrive\si\chess\chess\rook.h(9): error C2504: 'Piece' : base class undefined
     1>c:\users\qzmp\skydrive\si\chess\chess\rook.h(14): error C2143: syntax error : missing ';' before '<'
     1>c:\users\qzmp\skydrive\si\chess\chess\rook.h(14): error C4430: missing type specifier - int assumed. Note: C++ does not support default-int
     1>c:\users\qzmp\skydrive\si\chess\chess\rook.h(14): error C2238: unexpected token(s) preceding ';'
     1>c:\users\qzmp\skydrive\si\chess\chess\knight.h(9): error C2504: 'Piece' : base class undefined
     1>c:\users\qzmp\skydrive\si\chess\chess\knight.h(14): error C2143: syntax error : missing ';' before '<'
     1>c:\users\qzmp\skydrive\si\chess\chess\knight.h(14): error C4430: missing type specifier - int assumed. Note: C++ does not support default-int
     1>c:\users\qzmp\skydrive\si\chess\chess\knight.h(14): error C2238: unexpected token(s) preceding ';'
     1>c:\users\qzmp\skydrive\si\chess\chess\pawn.h(9): error C2504: 'Piece' : base class undefined
     1>c:\users\qzmp\skydrive\si\chess\chess\pawn.h(14): error C2143: syntax error : missing ';' before '<'
     1>c:\users\qzmp\skydrive\si\chess\chess\pawn.h(14): error C4430: missing type specifier - int assumed. Note: C++ does not support default-int
     1>c:\users\qzmp\skydrive\si\chess\chess\pawn.h(14): error C2238: unexpected token(s) preceding ';'
         Generating Code...
         Compiling...
         Game.cpp
         Generating Code...
         Compiling...
         Rating.cpp
         Movement.cpp
         GameStatus.cpp
         Generating Code...
     1>Done Building Project "C:\Users\qzmp\SkyDrive\SI\Chess\Chess\Chess.vcxproj" (Build target(s)) -- FAILED.

Build FAILED.

Time Elapsed 00:00:01.70
